[2022-02-05 20:21:06]	link failed !, exit code: 1
  at unify_builder.Program.Main (System.String[] args) [0x01a1e] in <67d11e1b30504dd6babd321425698ba1>:0 
---
Error: L6218E: Undefined symbol humi (referred from oled.o).
Error: L6218E: Undefined symbol temp (referred from oled.o).
Not enough information to list image symbols.
Finished: 1 information, 0 warning and 2 error messages.


[2022-02-05 20:27:39]	[done]
	build successfully !

[2022-02-05 20:28:47]	[done]
	build successfully !

[2022-02-05 20:31:33]	[done]
	build successfully !

[2022-02-05 20:33:55]	[done]
	build successfully !

[2022-02-05 20:37:33]	[done]
	build successfully !

[2022-02-05 22:01:45]	[done]
	build successfully !

[2022-02-05 23:41:26]	compilation failed at : "e:\jiujiu\OLED\Core\Src\usart.c", exit code: 1
  at unify_builder.Program.compileByMulThread (System.Int32 thrNum, unify_builder.CmdGenerator+CmdInfo[] cmds, System.Collections.Generic.List`1[T] errLogs) [0x00104] in <67d11e1b30504dd6babd321425698ba1>:0 
  at unify_builder.Program.Main (System.String[] args) [0x018f4] in <67d11e1b30504dd6babd321425698ba1>:0 
---
".\Core\Src\main.c", line 96: Error:  #167: argument of type "uint8_t" is incompatible with parameter of type "uint8_t *"
    HAL_UART_Receive_IT(&huart3, u3_rx, 1);
                                 ^
.\Core\Src\main.c: 0 warnings, 1 error
".\Core\Src\usart.c", line 294: Error:  #167: argument of type "uint8_t" is incompatible with parameter of type "uint8_t *"
      HAL_UART_Receive_IT(&huart3, u3_rx, 1);
                                   ^
.\Core\Src\usart.c: 0 warnings, 1 error

[2022-02-05 23:42:59]	link failed !, exit code: 1
  at unify_builder.Program.Main (System.String[] args) [0x01a1e] in <67d11e1b30504dd6babd321425698ba1>:0 
---
Error: L6200E: Symbol u3_rxbuffer multiply defined (by main.o and ath10.o).
Error: L6200E: Symbol u3_rxbuffer multiply defined (by usart.o and ath10.o).
Error: L6200E: Symbol u3_rx multiply defined (by main.o and ath10.o).
Error: L6200E: Symbol u3_rx multiply defined (by usart.o and ath10.o).
Error: L6200E: Symbol u3_count multiply defined (by main.o and ath10.o).
Error: L6200E: Symbol u3_count multiply defined (by usart.o and ath10.o).
Not enough information to list image symbols.
Not enough information to list the image map.
Finished: 2 information, 0 warning and 6 error messages.


[2022-02-05 23:46:20]	compilation failed at : "e:\jiujiu\OLED\Core\Src\usart.c", exit code: 1
  at unify_builder.Program.compileByMulThread (System.Int32 thrNum, unify_builder.CmdGenerator+CmdInfo[] cmds, System.Collections.Generic.List`1[T] errLogs) [0x00104] in <67d11e1b30504dd6babd321425698ba1>:0 
  at unify_builder.Program.Main (System.String[] args) [0x018f4] in <67d11e1b30504dd6babd321425698ba1>:0 
---
".\Core\Src\usart.c", line 24: Error:  #148: variable "u3_rxbuffer" has already been initialized
  char u3_rxbuffer[u3_rxsize]={0};
       ^
".\Core\Src\usart.c", line 26: Error:  #148: variable "u3_count" has already been initialized
  uint8_t u3_count=0;
          ^
.\Core\Src\usart.c: 0 warnings, 2 errors

[2022-02-05 23:46:47]	[done]
	build successfully !

[2022-02-05 23:47:00]	[done]
	build successfully !

[2022-02-05 23:49:07]	link failed !, exit code: 1
  at unify_builder.Program.Main (System.String[] args) [0x01a1e] in <67d11e1b30504dd6babd321425698ba1>:0 
---
Error: L6218E: Undefined symbol CAT1_Reset (referred from main.o).
Not enough information to list image symbols.
Finished: 1 information, 0 warning and 1 error messages.


[2022-02-05 23:50:01]	link failed !, exit code: 1
  at unify_builder.Program.Main (System.String[] args) [0x01a1e] in <67d11e1b30504dd6babd321425698ba1>:0 
---
Error: L6218E: Undefined symbol CAT1_Reset (referred from main.o).
Not enough information to list image symbols.
Finished: 1 information, 0 warning and 1 error messages.


[2022-02-05 23:52:48]	link failed !, exit code: 1
  at unify_builder.Program.Main (System.String[] args) [0x01a1e] in <67d11e1b30504dd6babd321425698ba1>:0 
---
Error: L6218E: Undefined symbol u1_printf (referred from cat1.o).
Not enough information to list image symbols.
Finished: 1 information, 0 warning and 1 error messages.


[2022-02-05 23:53:25]	[done]
	build successfully !

[2022-02-05 23:56:38]	[done]
	build successfully !

[2022-02-06 00:02:15]	[done]
	build successfully !

[2022-02-06 00:03:31]	[done]
	build successfully !

[2022-02-06 00:06:09]	[done]
	build successfully !

[2022-02-06 00:07:15]	[done]
	build successfully !

[2022-02-06 00:09:06]	link failed !, exit code: 1
  at unify_builder.Program.Main (System.String[] args) [0x01a1e] in <67d11e1b30504dd6babd321425698ba1>:0 
---
Error: L6218E: Undefined symbol strset (referred from cat1.o).
Not enough information to list image symbols.
Finished: 1 information, 0 warning and 1 error messages.


[2022-02-06 00:09:52]	[done]
	build successfully !

[2022-02-06 00:21:22]	[done]
	build successfully !

[2022-02-06 00:24:19]	[done]
	build successfully !

[2022-02-06 00:25:00]	[done]
	build successfully !

[2022-02-06 00:27:09]	[done]
	build successfully !

[2022-02-06 00:28:13]	[done]
	build successfully !

